10:14:18 **** Incremental Build of configuration Debug for project Empty_App ****
"C:\\Users\\S1136062\\ModusToolbox\\tools_3.2\\modus-shell\\bin\\make" CY_MAKE_IDE=eclipse CY_IDE_TOOLS_DIR=C:/Users/S1136062/ModusToolbox/tools_3.2 CY_IDE_BT_TOOLS_DIR= -j6 --output-sync all 
Tools Directory: C:/Users/S1136062/ModusToolbox/tools_3.2
Searching installed tools in progress...
Searching installed tools complete


Initializing build: mtb-example-empty-app Debug APP_CY8CKIT-062-BLE GCC_ARM

Prebuild operations complete

Auto-discovery in progress...
Auto-discovery complete
Commencing build operations...

Tools Directory: C:/Users/S1136062/ModusToolbox/tools_3.2

Constructing build rules...
Build rules construction complete

==============================================================================
= Building application =
==============================================================================
Generating compilation database file...
-> ./build/compile_commands.json
Compilation database file generation complete
Building 213 file(s)
==============================================================================
= Build complete =
==============================================================================

Calculating memory consumption: CY8C6347BZI-BLD53 GCC_ARM

   ---------------------------------------------------- 
  | Section Name         |  Address      |  Size       | 
   ---------------------------------------------------- 
  | .cy_m0p_image        |  0x10000000   |  111212     | 
  | .text                |  0x10020000   |  21004      | 
  | .ARM.exidx           |  0x1002520c   |  8          | 
  | .copy.table          |  0x10025214   |  24         | 
  | .zero.table          |  0x1002522c   |  8          | 
  | .data                |  0x0800328c   |  996        | 
  | .cy_sharedmem        |  0x08003670   |  12         | 
  | .noinit              |  0x08003680   |  236        | 
  | .bss                 |  0x0800376c   |  792        | 
  | .heap                |  0x08003a88   |  273784     | 
   ---------------------------------------------------- 

  Total Internal Flash (Available)          1048576    
  Total Internal Flash (Utilized)           153132     



10:14:24 Build Finished. 0 errors, 0 warnings. (took 6s.93ms)

