16:50:58 **** Incremental Build of configuration Debug for project mtb-example-btstack-freertos-throughput-server-master ****
"C:\\Users\\S1136062\\ModusToolbox\\tools_3.2\\modus-shell\\bin\\make" CY_MAKE_IDE=eclipse CY_IDE_TOOLS_DIR=C:/Users/S1136062/ModusToolbox/tools_3.2 CY_IDE_BT_TOOLS_DIR= -j6 --output-sync all 
Tools Directory: C:/Users/S1136062/ModusToolbox/tools_3.2
Searching installed tools in progress...
Searching installed tools complete


Initializing build: mtb-example-btstack-freertos-throughput-server Debug APP_CY8CKIT-062-BLE GCC_ARM

Prebuild operations complete

Auto-discovery in progress...
Auto-discovery complete
Commencing build operations...

Tools Directory: C:/Users/S1136062/ModusToolbox/tools_3.2

Constructing build rules...
Build rules construction complete

==============================================================================
= Building application =
==============================================================================
Generating compilation database file...
-> ./build/compile_commands.json
Compilation database file generation complete
Building 251 file(s)
Compiling main.c -DCOMPONENT_APP_CY8CKIT_062_BLE -DCOMPONENT_BLESS_IPC -DCOMPONENT_CAT1 -DCOMPONENT_CAT1A -DCOMPONENT_CM0P_BLESS -DCOMPONENT_CM4 -DCOMPONENT_CM4_0 -DCOMPONENT_Debug -DCOMPONENT_FREERTOS -DCOMPONENT_GCC_ARM -DCOMPONENT_MW_ABSTRACTION_RTOS -DCOMPONENT_MW_BTSTACK -DCOMPONENT_MW_BTSTACK_INTEGRATION -DCOMPONENT_MW_CAT1CM0P -DCOMPONENT_MW_CLIB_SUPPORT -DCOMPONENT_MW_CMSIS -DCOMPONENT_MW_CORE_LIB -DCOMPONENT_MW_CORE_MAKE -DCOMPONENT_MW_FREERTOS -DCOMPONENT_MW_MTB_HAL_CAT1 -DCOMPONENT_MW_MTB_PDL_CAT1 -DCOMPONENT_MW_RECIPE_MAKE_CAT1A -DCOMPONENT_MW_RETARGET_IO -DCOMPONENT_PSOC6_01 -DCOMPONENT_SOFTFP -DCOMPONENT_WICED_BLE -DCORE_NAME_CM4_0=1 -DCY8C6347BZI_BLD53 -DCY_APPNAME_mtb_example_btstack_freertos_throughput_server -DCY_RETARGET_IO_CONVERT_LF_TO_CRLF -DCY_RTOS_AWARE -DCY_SUPPORTS_DEVICE_VALIDATION -DCY_TARGET_BOARD=APP_CY8CKIT_062_BLE -DCY_USING_HAL -DDEBUG -DDEVICE_P6BLE -DTARGET_APP_CY8CKIT_062_BLE -I./configs -I. -Ibsps/TARGET_APP_CY8CKIT-062-BLE -Ibsps -Ibsps/TARGET_APP_CY8CKIT-062-BLE/bluetooth -Ibsps/TARGET_APP_CY8CKIT-062-BLE/config/GeneratedSource -Ibsps/TARGET_APP_CY8CKIT-062-BLE/config -Iconfigs/COMPONENT_FREERTOS/COMPONENT_CM4 -Iconfigs/COMPONENT_FREERTOS -Iconfigs -IGeneratedSource -Ilibs/btstack-integration/COMPONENT_BLESS-IPC/platform/include -Ilibs/btstack-integration/COMPONENT_BLESS-IPC/platform -Ilibs/btstack-integration/COMPONENT_BLESS-IPC -Ilibs/btstack-integration -Ilibs/btstack-integration/COMPONENT_BLESS-IPC/platform/ipc -Ilibs/btstack-integration/COMPONENT_BLESS-IPC/platform/ipc/include -Ilibs/cat1cm0p/COMPONENT_CAT1A -Ilibs/cat1cm0p -Ilibs/core-lib/include -Ilibs/core-lib -Ilibs/mtb-hal-cat1/COMPONENT_CAT1A/include/pin_packages -Ilibs/mtb-hal-cat1/COMPONENT_CAT1A/include -Ilibs/mtb-hal-cat1/COMPONENT_CAT1A -Ilibs/mtb-hal-cat1 -Ilibs/mtb-hal-cat1/COMPONENT_CAT1A/include/triggers -Ilibs/mtb-hal-cat1/include -Ilibs/mtb-hal-cat1/include_pvt -Ilibs/mtb-hal-cat1/source -Ilibs/mtb-pdl-cat1/devices/COMPONENT_CAT1A/include -Ilibs/mtb-pdl-cat1/devices/COMPONENT_CAT1A -Ilibs/mtb-pdl-cat1/devices -Ilibs/mtb-pdl-cat1 -Ilibs/mtb-pdl-cat1/devices/COMPONENT_CAT1A/include/ip -Ilibs/mtb-pdl-cat1/drivers/include -Ilibs/mtb-pdl-cat1/drivers -Ilibs/mtb-pdl-cat1/drivers/third_party/ethernet/include -Ilibs/mtb-pdl-cat1/drivers/third_party/ethernet -Ilibs/mtb-pdl-cat1/drivers/third_party -I../mtb_shared/retarget-io/release-v1.5.0 -I../mtb_shared/abstraction-rtos/release-v1.7.4/include -I../mtb_shared/abstraction-rtos/release-v1.7.4 -I../mtb_shared/abstraction-rtos/release-v1.7.4/include/COMPONENT_FREERTOS -I../mtb_shared/btstack/release-v3.8.2/wiced_include -I../mtb_shared/btstack/release-v3.8.2 -I../mtb_shared/clib-support/release-v1.4.2 -I../mtb_shared/clib-support/release-v1.4.2/TOOLCHAIN_GCC_ARM -I../mtb_shared/cmsis/release-v5.8.0/Core/Include -I../mtb_shared/cmsis/release-v5.8.0/Core -I../mtb_shared/cmsis/release-v5.8.0 -I../mtb_shared/freertos/release-v10.5.002/Source/include -I../mtb_shared/freertos/release-v10.5.002/Source -I../mtb_shared/freertos/release-v10.5.002 -I../mtb_shared/freertos/release-v10.5.002/Source/portable/COMPONENT_CM4 -I../mtb_shared/freertos/release-v10.5.002/Source/portable -I../mtb_shared/freertos/release-v10.5.002/Source/portable/COMPONENT_CM4/TOOLCHAIN_GCC_ARM 
    Linking output file mtb-example-btstack-freertos-throughput-server.elf
C:/Users/S1136062/ModusToolbox/tools_3.2/gcc/bin/arm-none-eabi-objcopy -O ihex D:/adonis/mtb-example-btstack-freertos-throughput-server-master/build/APP_CY8CKIT-062-BLE/Debug/mtb-example-btstack-freertos-throughput-server.elf D:/adonis/mtb-example-btstack-freertos-throughput-server-master/build/APP_CY8CKIT-062-BLE/Debug/mtb-example-btstack-freertos-throughput-server.hex
==============================================================================
= Build complete =
==============================================================================

Calculating memory consumption: CY8C6347BZI-BLD53 GCC_ARM

   ---------------------------------------------------- 
  | Section Name         |  Address      |  Size       | 
   ---------------------------------------------------- 
  | .cy_m0p_image        |  0x10000000   |  111212     | 
  | .text                |  0x10020000   |  140404     | 
  | .ARM.exidx           |  0x10042474   |  8          | 
  | .copy.table          |  0x1004247c   |  24         | 
  | .zero.table          |  0x10042494   |  8          | 
  | .data                |  0x0800328c   |  1868       | 
  | .cy_sharedmem        |  0x080039d8   |  12         | 
  | .noinit              |  0x080039e8   |  236        | 
  | .bss                 |  0x08003ad8   |  12116      | 
  | .heap                |  0x08006a30   |  261584     | 
   ---------------------------------------------------- 

  Total Internal Flash (Available)          1048576    
  Total Internal Flash (Utilized)           273404     



16:51:12 Build Finished. 0 errors, 0 warnings. (took 13s.893ms)

