16:27:57 **** Build of configuration Debug for project MCUboot-Based_Basic_Bootloader ****
"C:\\Infineon\\Tools\\ModusToolbox\\tools_3.2\\modus-shell\\bin\\make" CY_MAKE_IDE=eclipse CY_IDE_TOOLS_DIR=C:/Infineon/Tools/ModusToolbox/tools_3.2 CY_IDE_BT_TOOLS_DIR= -j4 all 
/usr/bin/make -C bootloader_cm0p build_proj MTB_APPLICATION_SUBPROJECTS="bootloader_cm0p" MTB_APPLICATION_NAME="MCUboot-Based_Basic_Bootloader" MTB_APPLICATION_PROMOTE=true && true
../common.mk:1: *** missing separator.  Stop.
make[1]: Entering directory '/cygdrive/c/HNB/code/bootloader_ble_1p2p/MCUboot-Based_Basic_Bootloader/bootloader_cm0p'
make[1]: Leaving directory '/cygdrive/c/HNB/code/bootloader_ble_1p2p/MCUboot-Based_Basic_Bootloader/bootloader_cm0p'
make: *** [C:/Infineon/Tools/ModusToolbox/tools_3.2/make/application.mk:72: build] Error 2
"C:/Infineon/Tools/ModusToolbox/tools_3.2/modus-shell/bin/make CY_MAKE_IDE=eclipse CY_IDE_TOOLS_DIR=C:/Infineon/Tools/ModusToolbox/tools_3.2 CY_IDE_BT_TOOLS_DIR= -j4 all" terminated with exit code 2. Build might be incomplete.
16:32:07 **** Incremental Build of configuration Debug for project MCUboot-Based_Basic_Bootloader ****
"C:\\Infineon\\Tools\\ModusToolbox\\tools_3.2\\modus-shell\\bin\\make" CY_MAKE_IDE=eclipse CY_IDE_TOOLS_DIR=C:/Infineon/Tools/ModusToolbox/tools_3.2 CY_IDE_BT_TOOLS_DIR= -j4 all 
/usr/bin/make -C bootloader_cm0p build_proj MTB_APPLICATION_SUBPROJECTS="bootloader_cm0p" MTB_APPLICATION_NAME="MCUboot-Based_Basic_Bootloader" MTB_APPLICATION_PROMOTE=true && true
make[1]: Entering directory '/cygdrive/c/HNB/code/bootloader_ble_1p2p/MCUboot-Based_Basic_Bootloader/bootloader_cm0p'
Searching installed tools in progress...
Searching installed tools complete
C:/HNB/code/bootloader_ble_1p2p/MCUboot-Based_Basic_Bootloader/bootloader_cm0p/libs/mtb.mk:54: warning: overriding recipe for target 'bsp-assistant'
libs/mtb.mk:54: warning: ignoring old recipe for target 'bsp-assistant'
C:/HNB/code/bootloader_ble_1p2p/MCUboot-Based_Basic_Bootloader/bootloader_cm0p/libs/mtb.mk:60: warning: overriding recipe for target 'mtb_help_tool_bsp-assistant'
libs/mtb.mk:60: warning: ignoring old recipe for target 'mtb_help_tool_bsp-assistant'
C:/HNB/code/bootloader_ble_1p2p/MCUboot-Based_Basic_Bootloader/bootloader_cm0p/libs/mtb.mk:68: warning: overriding recipe for target 'config_bt'
libs/mtb.mk:68: warning: ignoring old recipe for target 'config_bt'
C:/HNB/code/bootloader_ble_1p2p/MCUboot-Based_Basic_Bootloader/bootloader_cm0p/libs/mtb.mk:74: warning: overriding recipe for target 'mtb_help_tool_config_bt'
libs/mtb.mk:74: warning: ignoring old recipe for target 'mtb_help_tool_config_bt'
C:/HNB/code/bootloader_ble_1p2p/MCUboot-Based_Basic_Bootloader/bootloader_cm0p/libs/mtb.mk:82: warning: overriding recipe for target 'bt-configurator'
libs/mtb.mk:82: warning: ignoring old recipe for target 'bt-configurator'
C:/HNB/code/bootloader_ble_1p2p/MCUboot-Based_Basic_Bootloader/bootloader_cm0p/libs/mtb.mk:88: warning: overriding recipe for target 'mtb_help_tool_bt-configurator'
libs/mtb.mk:88: warning: ignoring old recipe for target 'mtb_help_tool_bt-configurator'
C:/HNB/code/bootloader_ble_1p2p/MCUboot-Based_Basic_Bootloader/bootloader_cm0p/libs/mtb.mk:96: warning: overriding recipe for target 'capsense-configurator'
libs/mtb.mk:96: warning: ignoring old recipe for target 'capsense-configurator'
C:/HNB/code/bootloader_ble_1p2p/MCUboot-Based_Basic_Bootloader/bootloader_cm0p/libs/mtb.mk:102: warning: overriding recipe for target 'mtb_help_tool_capsense-configurator'
libs/mtb.mk:102: warning: ignoring old recipe for target 'mtb_help_tool_capsense-configurator'
C:/HNB/code/bootloader_ble_1p2p/MCUboot-Based_Basic_Bootloader/bootloader_cm0p/libs/mtb.mk:110: warning: overriding recipe for target 'capsense-tuner'
libs/mtb.mk:110: warning: ignoring old recipe for target 'capsense-tuner'
C:/HNB/code/bootloader_ble_1p2p/MCUboot-Based_Basic_Bootloader/bootloader_cm0p/libs/mtb.mk:116: warning: overriding recipe for target 'mtb_help_tool_capsense-tuner'
libs/mtb.mk:116: warning: ignoring old recipe for target 'mtb_help_tool_capsense-tuner'
C:/HNB/code/bootloader_ble_1p2p/MCUboot-Based_Basic_Bootloader/bootloader_cm0p/libs/mtb.mk:124: warning: overriding recipe for target 'config'
libs/mtb.mk:124: warning: ignoring old recipe for target 'config'
C:/HNB/code/bootloader_ble_1p2p/MCUboot-Based_Basic_Bootloader/bootloader_cm0p/libs/mtb.mk:130: warning: overriding recipe for target 'mtb_help_tool_config'
libs/mtb.mk:130: warning: ignoring old recipe for target 'mtb_help_tool_config'
C:/HNB/code/bootloader_ble_1p2p/MCUboot-Based_Basic_Bootloader/bootloader_cm0p/libs/mtb.mk:138: warning: overriding recipe for target 'device-configurator'
libs/mtb.mk:138: warning: ignoring old recipe for target 'device-configurator'
C:/HNB/code/bootloader_ble_1p2p/MCUboot-Based_Basic_Bootloader/bootloader_cm0p/libs/mtb.mk:144: warning: overriding recipe for target 'mtb_help_tool_device-configurator'
libs/mtb.mk:144: warning: ignoring old recipe for target 'mtb_help_tool_device-configurator'
C:/HNB/code/bootloader_ble_1p2p/MCUboot-Based_Basic_Bootloader/bootloader_cm0p/libs/mtb.mk:152: warning: overriding recipe for target 'modlibs'
libs/mtb.mk:152: warning: ignoring old recipe for target 'modlibs'
C:/HNB/code/bootloader_ble_1p2p/MCUboot-Based_Basic_Bootloader/bootloader_cm0p/libs/mtb.mk:158: warning: overriding recipe for target 'mtb_help_tool_modlibs'
libs/mtb.mk:158: warning: ignoring old recipe for target 'mtb_help_tool_modlibs'
C:/HNB/code/bootloader_ble_1p2p/MCUboot-Based_Basic_Bootloader/bootloader_cm0p/libs/mtb.mk:166: warning: overriding recipe for target 'library-manager'
libs/mtb.mk:166: warning: ignoring old recipe for target 'library-manager'
C:/HNB/code/bootloader_ble_1p2p/MCUboot-Based_Basic_Bootloader/bootloader_cm0p/libs/mtb.mk:172: warning: overriding recipe for target 'mtb_help_tool_library-manager'
libs/mtb.mk:172: warning: ignoring old recipe for target 'mtb_help_tool_library-manager'
C:/HNB/code/bootloader_ble_1p2p/MCUboot-Based_Basic_Bootloader/bootloader_cm0p/libs/mtb.mk:180: warning: overriding recipe for target 'config_lin'
libs/mtb.mk:180: warning: ignoring old recipe for target 'config_lin'
C:/HNB/code/bootloader_ble_1p2p/MCUboot-Based_Basic_Bootloader/bootloader_cm0p/libs/mtb.mk:186: warning: overriding recipe for target 'mtb_help_tool_config_lin'
libs/mtb.mk:186: warning: ignoring old recipe for target 'mtb_help_tool_config_lin'
C:/HNB/code/bootloader_ble_1p2p/MCUboot-Based_Basic_Bootloader/bootloader_cm0p/libs/mtb.mk:194: warning: overriding recipe for target 'lin-configurator'
libs/mtb.mk:194: warning: ignoring old recipe for target 'lin-configurator'
C:/HNB/code/bootloader_ble_1p2p/MCUboot-Based_Basic_Bootloader/bootloader_cm0p/libs/mtb.mk:200: warning: overriding recipe for target 'mtb_help_tool_lin-configurator'
libs/mtb.mk:200: warning: ignoring old recipe for target 'mtb_help_tool_lin-configurator'
C:/HNB/code/bootloader_ble_1p2p/MCUboot-Based_Basic_Bootloader/bootloader_cm0p/libs/mtb.mk:208: warning: overriding recipe for target 'qspi-configurator'
libs/mtb.mk:208: warning: ignoring old recipe for target 'qspi-configurator'
C:/HNB/code/bootloader_ble_1p2p/MCUboot-Based_Basic_Bootloader/bootloader_cm0p/libs/mtb.mk:214: warning: overriding recipe for target 'mtb_help_tool_qspi-configurator'
libs/mtb.mk:214: warning: ignoring old recipe for target 'mtb_help_tool_qspi-configurator'
C:/HNB/code/bootloader_ble_1p2p/MCUboot-Based_Basic_Bootloader/bootloader_cm0p/libs/mtb.mk:222: warning: overriding recipe for target 'seglcd-configurator'
libs/mtb.mk:222: warning: ignoring old recipe for target 'seglcd-configurator'
C:/HNB/code/bootloader_ble_1p2p/MCUboot-Based_Basic_Bootloader/bootloader_cm0p/libs/mtb.mk:228: warning: overriding recipe for target 'mtb_help_tool_seglcd-configurator'
libs/mtb.mk:228: warning: ignoring old recipe for target 'mtb_help_tool_seglcd-configurator'
C:/HNB/code/bootloader_ble_1p2p/MCUboot-Based_Basic_Bootloader/bootloader_cm0p/libs/mtb.mk:236: warning: overriding recipe for target 'smartio-configurator'
libs/mtb.mk:236: warning: ignoring old recipe for target 'smartio-configurator'
C:/HNB/code/bootloader_ble_1p2p/MCUboot-Based_Basic_Bootloader/bootloader_cm0p/libs/mtb.mk:242: warning: overriding recipe for target 'mtb_help_tool_smartio-configurator'
libs/mtb.mk:242: warning: ignoring old recipe for target 'mtb_help_tool_smartio-configurator'
make[1]: Leaving directory '/cygdrive/c/HNB/code/bootloader_ble_1p2p/MCUboot-Based_Basic_Bootloader/bootloader_cm0p'
C:/Infineon/Tools/ModusToolbox/tools_3.2/make/core_version3/startex-v3.mk:157: ../../mtb_shared/core-make/release-v3.3.0/make/core/main.mk: No such file or directory
make[1]: *** No rule to make target '../../mtb_shared/core-make/release-v3.3.0/make/core/main.mk'.  Stop.
make: *** [C:/Infineon/Tools/ModusToolbox/tools_3.2/make/application.mk:72: build] Error 2
"C:/Infineon/Tools/ModusToolbox/tools_3.2/modus-shell/bin/make CY_MAKE_IDE=eclipse CY_IDE_TOOLS_DIR=C:/Infineon/Tools/ModusToolbox/tools_3.2 CY_IDE_BT_TOOLS_DIR= -j4 all" terminated with exit code 2. Build might be incomplete.
